<?xml version="1.0" encoding="UTF-8"?>
<!-- Generated by org.testng.reporters.JUnitReportReporter -->
<testsuite hostname="DESKTOP-ML7TOGO" failures="0" tests="6" name="TestRunner.CucumberTestRunner" time="191.600" errors="0" timestamp="2024-03-27T13:34:16 IST" skipped="0">
  <testcase classname="TestRunner.CucumberTestRunner" name="runScenario" time="35.373"/>
  <testcase classname="TestRunner.CucumberTestRunner" name="runScenario" time="42.427"/>
  <testcase classname="TestRunner.CucumberTestRunner" name="runScenario" time="10.933"/>
  <testcase classname="TestRunner.CucumberTestRunner" name="runScenario" time="46.324"/>
  <testcase classname="TestRunner.CucumberTestRunner" name="runScenario" time="53.561"/>
  <testcase classname="TestRunner.CucumberTestRunner" name="runScenario" time="2.982"/>
</testsuite> <!-- TestRunner.CucumberTestRunner -->
