<?xml version="1.0" encoding="UTF-8"?>
<!-- Generated by org.testng.reporters.JUnitReportReporter -->
<testsuite hostname="DESKTOP-ML7TOGO" failures="0" tests="6" name="TestRunner.CucumberTestRunner" time="217.454" errors="0" timestamp="2024-03-25T22:02:48 IST" skipped="0">
  <testcase classname="TestRunner.CucumberTestRunner" name="runScenario" time="51.932"/>
  <testcase classname="TestRunner.CucumberTestRunner" name="runScenario" time="31.267"/>
  <testcase classname="TestRunner.CucumberTestRunner" name="runScenario" time="6.889"/>
  <testcase classname="TestRunner.CucumberTestRunner" name="runScenario" time="42.103"/>
  <testcase classname="TestRunner.CucumberTestRunner" name="runScenario" time="41.336"/>
  <testcase classname="TestRunner.CucumberTestRunner" name="runScenario" time="43.927"/>
</testsuite> <!-- TestRunner.CucumberTestRunner -->
