<?xml version="1.0" encoding="UTF-8"?>
<!-- Generated by org.testng.reporters.JUnitReportReporter -->
<testsuite hostname="DESKTOP-ML7TOGO" failures="0" tests="6" name="TestRunner.CucumberTestRunner" time="188.643" errors="0" timestamp="2024-03-26T11:49:08 IST" skipped="0">
  <testcase classname="TestRunner.CucumberTestRunner" name="runScenario" time="3.110"/>
  <testcase classname="TestRunner.CucumberTestRunner" name="runScenario" time="56.417"/>
  <testcase classname="TestRunner.CucumberTestRunner" name="runScenario" time="44.103"/>
  <testcase classname="TestRunner.CucumberTestRunner" name="runScenario" time="19.044"/>
  <testcase classname="TestRunner.CucumberTestRunner" name="runScenario" time="39.566"/>
  <testcase classname="TestRunner.CucumberTestRunner" name="runScenario" time="26.403"/>
</testsuite> <!-- TestRunner.CucumberTestRunner -->
