<?xml version="1.0" encoding="UTF-8"?>
<!-- Generated by org.testng.reporters.JUnitReportReporter -->
<testsuite hostname="DESKTOP-ML7TOGO" failures="0" tests="5" name="TestRunner.CucumberTestRunner" time="152.299" errors="0" timestamp="2024-03-25T12:44:55 IST" skipped="0">
  <testcase classname="TestRunner.CucumberTestRunner" name="runScenario" time="40.184"/>
  <testcase classname="TestRunner.CucumberTestRunner" name="runScenario" time="43.445"/>
  <testcase classname="TestRunner.CucumberTestRunner" name="runScenario" time="2.922"/>
  <testcase classname="TestRunner.CucumberTestRunner" name="runScenario" time="47.679"/>
  <testcase classname="TestRunner.CucumberTestRunner" name="runScenario" time="18.069"/>
</testsuite> <!-- TestRunner.CucumberTestRunner -->
