<?xml version="1.0" encoding="UTF-8"?>
<!-- Generated by org.testng.reporters.JUnitReportReporter -->
<testsuite hostname="DESKTOP-ML7TOGO" failures="0" tests="5" name="TestRunner.CucumberTestRunner" time="171.174" errors="0" timestamp="2024-03-25T13:26:13 IST" skipped="0">
  <testcase classname="TestRunner.CucumberTestRunner" name="runScenario" time="40.503"/>
  <testcase classname="TestRunner.CucumberTestRunner" name="runScenario" time="43.730"/>
  <testcase classname="TestRunner.CucumberTestRunner" name="runScenario" time="2.978"/>
  <testcase classname="TestRunner.CucumberTestRunner" name="runScenario" time="47.302"/>
  <testcase classname="TestRunner.CucumberTestRunner" name="runScenario" time="36.661"/>
</testsuite> <!-- TestRunner.CucumberTestRunner -->
