<?xml version="1.0" encoding="UTF-8"?>
<!-- Generated by org.testng.reporters.JUnitReportReporter -->
<testsuite hostname="DESKTOP-ML7TOGO" failures="0" tests="6" name="TestRunner.CucumberTestRunner" time="183.427" errors="0" timestamp="2024-04-01T09:57:27 IST" skipped="0">
  <testcase classname="TestRunner.CucumberTestRunner" name="runScenario" time="4.114"/>
  <testcase classname="TestRunner.CucumberTestRunner" name="runScenario" time="49.613"/>
  <testcase classname="TestRunner.CucumberTestRunner" name="runScenario" time="9.113"/>
  <testcase classname="TestRunner.CucumberTestRunner" name="runScenario" time="17.753"/>
  <testcase classname="TestRunner.CucumberTestRunner" name="runScenario" time="47.601"/>
  <testcase classname="TestRunner.CucumberTestRunner" name="runScenario" time="55.233"/>
</testsuite> <!-- TestRunner.CucumberTestRunner -->
