<?xml version="1.0" encoding="UTF-8"?>
<!-- Generated by org.testng.reporters.JUnitReportReporter -->
<testsuite hostname="DESKTOP-ML7TOGO" failures="0" tests="1" name="StepDefinations.MyntraStepDefination" time="10.616" errors="0" timestamp="2024-04-03T15:38:18 IST" skipped="0">
  <testcase classname="StepDefinations.MyntraStepDefination" name="setUp" time="10.616"/>
</testsuite> <!-- StepDefinations.MyntraStepDefination -->
